<?xml version="1.0" encoding="UTF-8"?>
<!-- Generated by org.testng.reporters.JUnitReportReporter -->
<testsuite hostname="atchutarao" failures="0" tests="1" name="Practice.GenarateReports" time="0.007" errors="0" timestamp="2024-03-13T19:12:40 IST" skipped="0">
  <testcase classname="Practice.GenarateReports" name="A1" time="0.007">
    <system-out>
      <![CDATA[ i am a Reporter]]>
    </system-out>
  </testcase> <!-- A1 -->
  <system-out>
    <![CDATA[ i am a Reporter]]>
  </system-out>
</testsuite> <!-- Practice.GenarateReports -->
