<?xml version="1.0" encoding="UTF-8"?>
<!-- Generated by org.testng.reporters.JUnitReportReporter -->
<testsuite hostname="atchutarao" failures="0" tests="10" name="Practice.InvocationCount" time="0.016" errors="0" timestamp="2024-03-13T19:12:24 IST" skipped="0">
  <testcase classname="Practice.InvocationCount" name="A1" time="0.001">
    <system-out>
      <![CDATA[hii good morning to all]]>
    </system-out>
  </testcase> <!-- A1 -->
  <testcase classname="Practice.InvocationCount" name="A1" time="0.001">
    <system-out>
      <![CDATA[hii good morning to all]]>
    </system-out>
  </testcase> <!-- A1 -->
  <testcase classname="Practice.InvocationCount" name="A1" time="0.001">
    <system-out>
      <![CDATA[hii good morning to all]]>
    </system-out>
  </testcase> <!-- A1 -->
  <testcase classname="Practice.InvocationCount" name="A1" time="0.001">
    <system-out>
      <![CDATA[hii good morning to all]]>
    </system-out>
  </testcase> <!-- A1 -->
  <testcase classname="Practice.InvocationCount" name="A1" time="0.002">
    <system-out>
      <![CDATA[hii good morning to all]]>
    </system-out>
  </testcase> <!-- A1 -->
  <testcase classname="Practice.InvocationCount" name="A1" time="0.001">
    <system-out>
      <![CDATA[hii good morning to all]]>
    </system-out>
  </testcase> <!-- A1 -->
  <testcase classname="Practice.InvocationCount" name="A1" time="0.001">
    <system-out>
      <![CDATA[hii good morning to all]]>
    </system-out>
  </testcase> <!-- A1 -->
  <testcase classname="Practice.InvocationCount" name="A1" time="0.001">
    <system-out>
      <![CDATA[hii good morning to all]]>
    </system-out>
  </testcase> <!-- A1 -->
  <testcase classname="Practice.InvocationCount" name="A1" time="0.001">
    <system-out>
      <![CDATA[hii good morning to all]]>
    </system-out>
  </testcase> <!-- A1 -->
  <testcase classname="Practice.InvocationCount" name="A1" time="0.006">
    <system-out>
      <![CDATA[hii good morning to all]]>
    </system-out>
  </testcase> <!-- A1 -->
  <system-out>
    <![CDATA[hii good morning to all
hii good morning to all
hii good morning to all
hii good morning to all
hii good morning to all
hii good morning to all
hii good morning to all
hii good morning to all
hii good morning to all
hii good morning to all]]>
  </system-out>
</testsuite> <!-- Practice.InvocationCount -->
