<?xml version="1.0" encoding="UTF-8"?>
<!-- Generated by org.testng.reporters.JUnitReportReporter -->
<testsuite hostname="atchutarao" failures="0" tests="1" name="Practice.parllel2" time="0.257" errors="0" timestamp="2024-03-13T15:55:15 IST" skipped="0">
  <testcase classname="Practice.parllel2" name="tc1" time="0.257"/>
</testsuite> <!-- Practice.parllel2 -->
