<?xml version="1.0" encoding="UTF-8"?>
<!-- Generated by org.testng.reporters.JUnitReportReporter -->
<testsuite hostname="atchutarao" failures="0" tests="1" name="Practice.parallel1" time="0.980" errors="0" timestamp="2024-03-13T15:55:15 IST" skipped="0">
  <testcase classname="Practice.parallel1" name="tc1" time="0.980"/>
</testsuite> <!-- Practice.parallel1 -->
