<?xml version="1.0" encoding="UTF-8"?>
<!-- Generated by org.testng.reporters.JUnitReportReporter -->
<testsuite hostname="atchutarao" failures="0" tests="1" name="Practice.Timeouts" time="0.009" errors="0" timestamp="2024-03-13T19:25:27 IST" skipped="0">
  <testcase classname="Practice.Timeouts" name="A1" time="0.009">
    <system-out>
      <![CDATA[i am a timeouts]]>
    </system-out>
  </testcase> <!-- A1 -->
  <system-out>
    <![CDATA[i am a timeouts]]>
  </system-out>
</testsuite> <!-- Practice.Timeouts -->
