<?xml version="1.0" encoding="UTF-8"?>
<!-- Generated by org.testng.reporters.JUnitReportReporter -->
<testsuite hostname="atchutarao" failures="0" tests="2" name="Practice.Priorty" time="0.007" errors="0" timestamp="2024-03-13T19:20:36 IST" skipped="0">
  <testcase classname="Practice.Priorty" name="A2" time="0.006">
    <system-out>
      <![CDATA[log in the application ]]>
    </system-out>
  </testcase> <!-- A2 -->
  <testcase classname="Practice.Priorty" name="A1" time="0.001">
    <system-out>
      <![CDATA[logout from thr application ]]>
    </system-out>
  </testcase> <!-- A1 -->
  <system-out>
    <![CDATA[log in the application 
logout from thr application ]]>
  </system-out>
</testsuite> <!-- Practice.Priorty -->
